<?xml version="1.0" encoding="UTF-8"?>
<testng-results ignored="0" total="1" passed="1" failed="0" skipped="0">
  <reporter-output>
  </reporter-output>
  <suite started-at="2024-10-12T16:04:10 IST" name="Default suite" finished-at="2024-10-12T16:04:44 IST" duration-ms="33656">
    <groups>
      <group name="Smoke">
        <method signature="E2ECheckoutTest.verifyNewUserRegistersAndCheckoutProduct()[pri:0, instance:com.demoshop.tests.E2ECheckoutTest@f6efaab]" name="verifyNewUserRegistersAndCheckoutProduct" class="com.demoshop.tests.E2ECheckoutTest"/>
      </group> <!-- Smoke -->
    </groups>
    <test started-at="2024-10-12T16:04:10 IST" name="Default test" finished-at="2024-10-12T16:04:44 IST" duration-ms="33656">
      <class name="com.demoshop.tests.E2ECheckoutTest">
        <test-method is-config="true" signature="initDriver(java.lang.String)[pri:0, instance:com.demoshop.tests.E2ECheckoutTest@f6efaab]" started-at="2024-10-12T16:04:10 IST" name="initDriver" finished-at="2024-10-12T16:04:19 IST" duration-ms="8945" status="PASS">
          <params>
            <param index="0">
              <value is-null="true"/>
            </param>
          </params>
          <reporter-output>
          </reporter-output>
        </test-method> <!-- initDriver -->
        <test-method signature="verifyNewUserRegistersAndCheckoutProduct()[pri:0, instance:com.demoshop.tests.E2ECheckoutTest@f6efaab]" started-at="2024-10-12T16:04:19 IST" name="verifyNewUserRegistersAndCheckoutProduct" finished-at="2024-10-12T16:04:44 IST" duration-ms="24206" status="PASS">
          <reporter-output>
          </reporter-output>
        </test-method> <!-- verifyNewUserRegistersAndCheckoutProduct -->
        <test-method is-config="true" signature="tearDown()[pri:0, instance:com.demoshop.tests.E2ECheckoutTest@f6efaab]" started-at="2024-10-12T16:04:44 IST" name="tearDown" finished-at="2024-10-12T16:04:44 IST" duration-ms="425" status="PASS">
          <reporter-output>
          </reporter-output>
        </test-method> <!-- tearDown -->
      </class> <!-- com.demoshop.tests.E2ECheckoutTest -->
    </test> <!-- Default test -->
  </suite> <!-- Default suite -->
</testng-results>
